<?xml version="1.0" encoding="UTF-8"?>
<!-- Generated by org.testng.reporters.JUnitXMLReporter -->
<testsuite hostname="LAPTOP-DV1VL8VL" ignored="0" name="java" tests="3" failures="2" timestamp="11 Apr 2023 15:28:26 GMT" time="17.919" errors="0">
  <testcase name="test" time="4.057" classname="org.example.OnlineClass.datadrivenframe">
    <failure type="java.lang.AssertionError" message="expected [nopCommerce demo store. Login] but found [nopCommerce demo store. Shopping Cart]">
      <![CDATA[java.lang.AssertionError: expected [nopCommerce demo store. Login] but found [nopCommerce demo store. Shopping Cart]
at org.example.OnlineClass.datadrivenframe.test(datadrivenframe.java:32)
at com.intellij.rt.testng.IDEARemoteTestNG.run(IDEARemoteTestNG.java:66)
at com.intellij.rt.testng.RemoteTestNGStarter.main(RemoteTestNGStarter.java:109)
... Removed 28 stack frames]]>
    </failure>
  </testcase> <!-- test -->
  <testcase name="test" time="4.45" classname="org.example.OnlineClass.datadrivenframe"/>
  <testcase name="test" time="1.949" classname="org.example.OnlineClass.datadrivenframe">
    <failure type="java.lang.AssertionError" message="expected [nopCommerce demo store. Login] but found [nopCommerce demo store. Shopping Cart]">
      <![CDATA[java.lang.AssertionError: expected [nopCommerce demo store. Login] but found [nopCommerce demo store. Shopping Cart]
at org.example.OnlineClass.datadrivenframe.test(datadrivenframe.java:32)
at com.intellij.rt.testng.IDEARemoteTestNG.run(IDEARemoteTestNG.java:66)
at com.intellij.rt.testng.RemoteTestNGStarter.main(RemoteTestNGStarter.java:109)
... Removed 28 stack frames]]>
    </failure>
  </testcase> <!-- test -->
</testsuite> <!-- java -->
